<?xml version="1.0" encoding="UTF-8"?>
<!-- Generated by org.testng.reporters.JUnitReportReporter -->
<testsuite hostname="ForeVision" name="org.zoho.scripts.TestCreateTaskPage" tests="1" failures="0" timestamp="31 Dec 2019 13:16:39 GMT" time="23.999" errors="0">
  <testcase name="newTask" time="23.999" classname="org.zoho.scripts.TestCreateTaskPage"/>
</testsuite> <!-- org.zoho.scripts.TestCreateTaskPage -->
