<?xml version="1.0" encoding="UTF-8"?>
<!-- Generated by org.testng.reporters.JUnitReportReporter -->
<testsuite hostname="ForeVision" name="org.zoho.scripts.TestInvalidLoginPage" tests="1" failures="0" timestamp="31 Dec 2019 09:26:25 GMT" time="16.867" errors="0">
  <testcase name="invalidLogin" time="16.867" classname="org.zoho.scripts.TestInvalidLoginPage"/>
</testsuite> <!-- org.zoho.scripts.TestInvalidLoginPage -->
