<?xml version="1.0" encoding="UTF-8"?>
<!-- Generated by org.testng.reporters.JUnitReportReporter -->
<testsuite hostname="ForeVision" name="org.zoho.scripts.TestLoginPage" tests="1" failures="0" timestamp="31 Dec 2019 09:26:25 GMT" time="11.025" errors="0">
  <testcase name="validLogin" time="11.025" classname="org.zoho.scripts.TestLoginPage"/>
</testsuite> <!-- org.zoho.scripts.TestLoginPage -->
